<?xml version="1.0" encoding="UTF-8"?>
<!-- Generated by org.testng.reporters.JUnitXMLReporter -->
<testsuite ignored="0" hostname="LTIN215913" failures="0" tests="33" name="Test1" time="205.225" errors="0" timestamp="2024-03-20T16:13:45 IST">
  <testcase classname="test_Cases.TS_Login" name="Login" time="2.917"/>
  <testcase classname="test_Cases.TS_Login" name="LoginClick" time="1.425"/>
  <testcase classname="test_Cases.TS_Login" name="EmailWrite" time="2.766"/>
  <testcase classname="test_Cases.TS_Login" name="Passwrd" time="0.21"/>
  <testcase classname="test_Cases.TS_Login" name="Login_Btnn" time="1.819"/>
  <testcase classname="test_Cases.TS_Login" name="Error" time="8.134"/>
  <testcase classname="test_Cases.TS_Login" name="Loginnew" time="1.226"/>
  <testcase classname="test_Cases.TS_Login" name="LoginClicknew" time="1.577"/>
  <testcase classname="test_Cases.TS_Login" name="Emailnew1" time="2.271"/>
  <testcase classname="test_Cases.TS_Login" name="Passnew" time="0.282"/>
  <testcase classname="test_Cases.TS_Login" name="loginnew" time="2.82"/>
  <testcase classname="test_Cases.TS_1" name="PrintBook_1" time="9.283"/>
  <testcase classname="test_Cases.TS_1" name="Pop" time="0.242"/>
  <testcase classname="test_Cases.TS_1" name="Pri" time="0.183"/>
  <testcase classname="test_Cases.TS_1" name="Sli" time="6.08"/>
  <testcase classname="test_Cases.TS_1" name="Hov" time="0.223"/>
  <testcase classname="test_Cases.TS_1" name="Sto" time="0.55"/>
  <testcase classname="test_Cases.TS_1" name="Stk" time="0.329"/>
  <testcase classname="test_Cases.TS_1" name="Books" time="4.09"/>
  <testcase classname="test_Cases.TS_2" name="clickBook_shelves" time="7.145"/>
  <testcase classname="test_Cases.TS_2" name="Pop2" time="0.267"/>
  <testcase classname="test_Cases.TS_2" name="hover_price" time="6.02"/>
  <testcase classname="test_Cases.TS_2" name="hover_storage" time="0.716"/>
  <testcase classname="test_Cases.TS_2" name="select_stock" time="0.977"/>
  <testcase classname="test_Cases.TS_2" name="select_Home_dkr" time="2.925"/>
  <testcase classname="test_Cases.TS_2" name="Print_Book2" time="8.586"/>
  <testcase classname="test_Cases.TS_2" name="print_collection" time="9.554"/>
  <testcase classname="test_Cases.TS_3" name="click_gift_card" time="6.77"/>
  <testcase classname="test_Cases.TS_3" name="click_bNa" time="0.526"/>
  <testcase classname="test_Cases.TS_3" name="gift_info" time="1.568"/>
  <testcase classname="test_Cases.TS_3" name="recipient_info" time="1.075"/>
  <testcase classname="test_Cases.TS_3" name="senders_info" time="1.576"/>
  <testcase classname="test_Cases.TS_3" name="error_info" time="0.202"/>
</testsuite> <!-- Test1 -->
