<?xml version="1.0" encoding="UTF-8"?>
<!-- Generated by org.testng.reporters.JUnitXMLReporter -->
<testsuite ignored="0" hostname="LTIN215913" failures="0" tests="21" name="Test" time="136.114" errors="0" timestamp="2024-03-24T21:37:46 IST">
  <testcase classname="test_Cases.TS_Login" name="LoginClick" time="2.846"/>
  <testcase classname="test_Cases.TS_Login" name="InvalidLogin" time="3.516"/>
  <testcase classname="test_Cases.TS_Login" name="Error_Navigate" time="2.928"/>
  <testcase classname="test_Cases.TS_Login" name="LoginClickNew" time="2.554"/>
  <testcase classname="test_Cases.TS_Login" name="ValidLogin" time="3.59"/>
  <testcase classname="test_Cases.TS_1" name="Handle_Popup" time="5.783"/>
  <testcase classname="test_Cases.TS_1" name="Price_Setting" time="2.838"/>
  <testcase classname="test_Cases.TS_1" name="Storage_Stock" time="0.993"/>
  <testcase classname="test_Cases.TS_1" name="BookShelve" time="3.144"/>
  <testcase classname="test_Cases.TS_2" name="Popup_Handling" time="5.803"/>
  <testcase classname="test_Cases.TS_2" name="hover_price" time="2.804"/>
  <testcase classname="test_Cases.TS_2" name="Storage_Stock" time="0.758"/>
  <testcase classname="test_Cases.TS_2" name="select_Home_dkr" time="0.946"/>
  <testcase classname="test_Cases.TS_2" name="Print_Book2" time="0.499"/>
  <testcase classname="test_Cases.TS_2" name="print_collection" time="1.939"/>
  <testcase classname="test_Cases.TS_3" name="click_gift_card" time="6.014"/>
  <testcase classname="test_Cases.TS_3" name="click_bNa" time="0.16"/>
  <testcase classname="test_Cases.TS_3" name="gift_info" time="3.342"/>
  <testcase classname="test_Cases.TS_3" name="recipient_info" time="0.735"/>
  <testcase classname="test_Cases.TS_3" name="senders_info" time="1.311"/>
  <testcase classname="test_Cases.TS_3" name="error_info" time="0.042"/>
</testsuite> <!-- Test -->
